[DEBUG 2018-08-31 22:11:43]cookies: {'PPY_AFFSESSID1': 's%3AYC2YCWP7JzDtDheX3QBkhlPA.vCFjK9XxSVlq5ZmAZEJyGW15bLG47i31aKG%2FSwBuORE'}
[INFO 2019-05-07 16:23:13]初始化配置文件, path=/Users/wangjuan/workpace/API_Automation/Conf/config.ini
[INFO 2019-05-07 16:23:13]执行用例集为：--allure_features=Home,Personal
[INFO 2019-05-07 16:24:01]初始化配置文件, path=/Users/wangjuan/workpace/API_Automation/Conf/config.ini
[INFO 2019-05-07 16:24:01]执行用例集为：--allure_features=Home,Personal
[INFO 2019-05-07 16:24:19]初始化配置文件, path=/Users/wangjuan/workpace/API_Automation/Conf/config.ini
[INFO 2019-05-07 16:24:19]执行用例集为：--allure_features=Home,Personal
[INFO 2019-05-07 16:25:42]初始化配置文件, path=/Users/wangjuan/workpace/API_Automation/Conf/config.ini
[INFO 2019-05-07 16:25:42]执行用例集为：--allure_features=Home,Personal
[INFO 2019-05-07 16:26:28]初始化配置文件, path=/Users/wangjuan/workpace/API_Automation/Conf/config.ini
[INFO 2019-05-07 16:26:28]执行用例集为：--allure_features=Home,Personal
[INFO 2019-05-07 16:27:08]初始化配置文件, path=/Users/wangjuan/workpace/API_Automation/Conf/config.ini
[INFO 2019-05-07 16:27:08]执行用例集为：--allure_features=Home,Personal
[INFO 2019-05-07 16:27:09]解析yaml, Path:/Users/wangjuan/workpace/API_Automation/Params/Yaml/Basic.yaml
[INFO 2019-05-07 16:27:09]解析yaml, Path:/Users/wangjuan/workpace/API_Automation/Params/Yaml/Collections.yaml
[INFO 2019-05-07 16:27:09]解析yaml, Path:/Users/wangjuan/workpace/API_Automation/Params/Yaml/Personal.yaml
[INFO 2019-05-07 16:27:09]解析yaml, Path:/Users/wangjuan/workpace/API_Automation/Params/Yaml/Login.yaml
[INFO 2019-05-07 16:27:09]解析yaml, Path:/Users/wangjuan/workpace/API_Automation/Params/Yaml/Basic.yaml
[INFO 2019-05-07 16:27:09]解析yaml, Path:/Users/wangjuan/workpace/API_Automation/Params/Yaml/Collections.yaml
[INFO 2019-05-07 16:27:09]解析yaml, Path:/Users/wangjuan/workpace/API_Automation/Params/Yaml/Personal.yaml
[INFO 2019-05-07 16:27:09]解析yaml, Path:/Users/wangjuan/workpace/API_Automation/Params/Yaml/Login.yaml
[INFO 2019-05-07 16:27:09]解析yaml, Path:/Users/wangjuan/workpace/API_Automation/Params/Yaml/Basic.yaml
[INFO 2019-05-07 16:27:09]解析yaml, Path:/Users/wangjuan/workpace/API_Automation/Params/Yaml/Collections.yaml
[INFO 2019-05-07 16:27:09]解析yaml, Path:/Users/wangjuan/workpace/API_Automation/Params/Yaml/Personal.yaml
[INFO 2019-05-07 16:27:09]解析yaml, Path:/Users/wangjuan/workpace/API_Automation/Params/Yaml/Login.yaml
[ERROR 2019-05-07 16:27:15]邮件发送失败，请检查邮件配置
[INFO 2019-05-07 16:28:14]初始化配置文件, path=/Users/wangjuan/workpace/API_Automation/Conf/config.ini
[INFO 2019-05-07 16:28:14]执行用例集为：--allure_features=Home,Personal
[INFO 2019-05-07 16:28:15]解析yaml, Path:/Users/wangjuan/workpace/API_Automation/Params/Yaml/Basic.yaml
[INFO 2019-05-07 16:28:15]解析yaml, Path:/Users/wangjuan/workpace/API_Automation/Params/Yaml/Collections.yaml
[INFO 2019-05-07 16:28:15]解析yaml, Path:/Users/wangjuan/workpace/API_Automation/Params/Yaml/Personal.yaml
[INFO 2019-05-07 16:28:15]解析yaml, Path:/Users/wangjuan/workpace/API_Automation/Params/Yaml/Login.yaml
[INFO 2019-05-07 16:28:16]解析yaml, Path:/Users/wangjuan/workpace/API_Automation/Params/Yaml/Basic.yaml
[INFO 2019-05-07 16:28:16]解析yaml, Path:/Users/wangjuan/workpace/API_Automation/Params/Yaml/Collections.yaml
[INFO 2019-05-07 16:28:16]解析yaml, Path:/Users/wangjuan/workpace/API_Automation/Params/Yaml/Personal.yaml
[INFO 2019-05-07 16:28:16]解析yaml, Path:/Users/wangjuan/workpace/API_Automation/Params/Yaml/Login.yaml
[INFO 2019-05-07 16:28:16]解析yaml, Path:/Users/wangjuan/workpace/API_Automation/Params/Yaml/Basic.yaml
[INFO 2019-05-07 16:28:16]解析yaml, Path:/Users/wangjuan/workpace/API_Automation/Params/Yaml/Collections.yaml
[INFO 2019-05-07 16:28:16]解析yaml, Path:/Users/wangjuan/workpace/API_Automation/Params/Yaml/Personal.yaml
[INFO 2019-05-07 16:28:16]解析yaml, Path:/Users/wangjuan/workpace/API_Automation/Params/Yaml/Login.yaml
[ERROR 2019-05-07 16:28:20]邮件发送失败，请检查邮件配置
[INFO 2019-05-07 16:30:37]初始化配置文件, path=/Users/wangjuan/workpace/API_Automation/Conf/config.ini
[INFO 2019-05-07 16:30:37]执行用例集为：--allure_features=Home,Personal
[INFO 2019-05-07 16:30:39]解析yaml, Path:/Users/wangjuan/workpace/API_Automation/Params/Yaml/Basic.yaml
[INFO 2019-05-07 16:30:39]解析yaml, Path:/Users/wangjuan/workpace/API_Automation/Params/Yaml/Collections.yaml
[INFO 2019-05-07 16:30:39]解析yaml, Path:/Users/wangjuan/workpace/API_Automation/Params/Yaml/Personal.yaml
[ERROR 2019-05-07 16:30:44]邮件发送失败，请检查邮件配置
[INFO 2019-05-07 16:31:07]初始化配置文件, path=/Users/wangjuan/workpace/API_Automation/Conf/config.ini
[INFO 2019-05-07 16:31:07]执行用例集为：--allure_features=Home,Personal
[INFO 2019-05-07 16:31:35]初始化配置文件, path=/Users/wangjuan/workpace/API_Automation/Conf/config.ini
[INFO 2019-05-07 16:31:35]执行用例集为：--allure_features=Home,Personal
[INFO 2019-05-07 17:04:49]初始化配置文件, path=/Users/wangjuan/workpace/API_Automation/Conf/config.ini
[INFO 2019-05-07 17:04:49]执行用例集为：--allure_features=Home,Personal
[INFO 2019-05-07 17:04:50]解析yaml, Path:/Users/wangjuan/workpace/API_Automation/Params/Yaml/Basic.yaml
[INFO 2019-05-07 17:04:50]解析yaml, Path:/Users/wangjuan/workpace/API_Automation/Params/Yaml/Collections.yaml
[INFO 2019-05-07 17:04:50]解析yaml, Path:/Users/wangjuan/workpace/API_Automation/Params/Yaml/Personal.yaml
[ERROR 2019-05-07 17:04:57]邮件发送失败，请检查邮件配置
[INFO 2019-06-03 16:33:16]初始化配置文件, path=/Users/wangjuan/workpace/API_Automation/Conf/config.ini
[INFO 2019-06-03 16:33:16]执行用例集为：--allure_features=Home,Personal
[INFO 2019-06-03 16:33:20]解析yaml, Path:/Users/wangjuan/workpace/API_Automation/Params/Yaml/Basic.yaml
[ERROR 2019-06-03 16:33:25]邮件发送失败，请检查邮件配置
[INFO 2019-08-21 17:41:08]初始化配置文件, path=C:\API_Automation-master\Conf\config.ini
[INFO 2019-08-21 17:41:12]解析yaml, Path:C:\API_Automation-master/Params/Yaml/Basic.yaml
[INFO 2019-08-21 17:41:12]解析yaml, Path:C:\API_Automation-master/Params/Yaml/Basic.yaml
[INFO 2019-08-21 17:41:12]解析yaml, Path:C:\API_Automation-master/Params/Yaml/Basic.yaml
[ERROR 2019-08-21 17:41:15]邮件发送失败，请检查邮件配置
[INFO 2019-08-22 17:17:30]解析yaml, Path:C:\API_Automation-master/Params/Yaml/login.yaml
[INFO 2019-08-22 17:17:44]解析yaml, Path:C:\API_Automation-master/Params/Yaml/Basic.yaml
[INFO 2019-08-22 17:33:56]解析yaml, Path:C:\API_Automation-master/Params/Yaml/login.yaml
[INFO 2019-08-22 17:34:47]解析yaml, Path:C:\API_Automation-master/Params/Yaml/login.yaml
[INFO 2019-08-22 17:37:28]解析yaml, Path:C:\API_Automation-master/Params/Yaml/login.yaml
[INFO 2019-08-22 17:37:59]解析yaml, Path:C:\API_Automation-master/Params/Yaml/login.yaml
[INFO 2019-08-22 17:42:02]解析yaml, Path:C:\API_Automation-master/Params/Yaml/login.yaml
[INFO 2019-08-22 17:42:25]解析yaml, Path:C:\API_Automation-master/Params/Yaml/login.yaml
[INFO 2019-08-22 17:42:47]解析yaml, Path:C:\API_Automation-master/Params/Yaml/login.yaml
[INFO 2019-08-22 17:43:29]解析yaml, Path:C:\API_Automation-master/Params/Yaml/login.yaml
[INFO 2019-08-22 17:43:47]解析yaml, Path:C:\API_Automation-master/Params/Yaml/login.yaml
[INFO 2019-08-22 17:44:00]解析yaml, Path:C:\API_Automation-master/Params/Yaml/login.yaml
[INFO 2019-08-22 17:44:12]解析yaml, Path:C:\API_Automation-master/Params/Yaml/login.yaml
[INFO 2019-08-22 17:45:49]解析yaml, Path:C:\API_Automation-master/Params/Yaml/login.yaml
[INFO 2019-08-26 09:49:25]解析yaml, Path:C:\API_Automation-master/Params/Yaml/login.yaml
[INFO 2019-08-26 09:50:04]解析yaml, Path:C:\API_Automation-master/Params/Yaml/login.yaml
[INFO 2019-08-26 09:58:39]解析yaml, Path:C:\API_Automation-master/Params/Yaml/login.yaml
[INFO 2019-08-26 09:58:53]解析yaml, Path:C:\API_Automation-master/Params/Yaml/login.yaml
[INFO 2019-08-26 10:00:46]解析yaml, Path:C:\API_Automation-master/Params/Yaml/login.yaml
[INFO 2019-08-26 10:00:58]解析yaml, Path:C:\API_Automation-master/Params/Yaml/login.yaml
[INFO 2019-08-26 10:01:35]解析yaml, Path:C:\API_Automation-master/Params/Yaml/login.yaml
[INFO 2019-08-26 10:02:07]解析yaml, Path:C:\API_Automation-master/Params/Yaml/login.yaml
[INFO 2019-08-26 10:03:33]解析yaml, Path:C:\API_Automation-master/Params/Yaml/login.yaml
[INFO 2019-08-26 10:04:39]解析yaml, Path:C:\API_Automation-master/Params/Yaml/login.yaml
[INFO 2019-08-26 10:05:15]解析yaml, Path:C:\API_Automation-master/Params/Yaml/login.yaml
[INFO 2019-08-26 11:04:58]解析yaml, Path:C:\API_Automation-master/Params/Yaml/login.yaml
[INFO 2019-08-26 16:56:44]解析yaml, Path:C:\API_Automation-master/Params/Yaml/login.yaml
[INFO 2019-08-26 17:06:43]解析yaml, Path:C:\API_Automation-master/Params/Yaml/login.yaml
[INFO 2019-08-27 09:27:11]解析yaml, Path:C:\API_Automation-master/Params/Yaml/login.yaml
[INFO 2019-08-27 09:27:11]解析yaml, Path:C:\API_Automation-master/Params/Yaml/createTask.yaml
[INFO 2019-08-27 09:27:55]解析yaml, Path:C:\API_Automation-master/Params/Yaml/login.yaml
[INFO 2019-08-27 09:27:55]解析yaml, Path:C:\API_Automation-master/Params/Yaml/createTask.yaml
[INFO 2019-08-27 09:28:53]解析yaml, Path:C:\API_Automation-master/Params/Yaml/login.yaml
[INFO 2019-08-27 09:28:53]解析yaml, Path:C:\API_Automation-master/Params/Yaml/createTask.yaml
[INFO 2019-08-27 09:30:12]解析yaml, Path:C:\API_Automation-master/Params/Yaml/login.yaml
[INFO 2019-08-27 09:30:12]解析yaml, Path:C:\API_Automation-master/Params/Yaml/createTask.yaml
[INFO 2019-08-27 09:34:42]解析yaml, Path:C:\API_Automation-master/Params/Yaml/login.yaml
[INFO 2019-08-27 09:34:42]解析yaml, Path:C:\API_Automation-master/Params/Yaml/createTask.yaml
[INFO 2019-08-27 09:35:57]解析yaml, Path:C:\API_Automation-master/Params/Yaml/login.yaml
[INFO 2019-08-27 09:35:57]解析yaml, Path:C:\API_Automation-master/Params/Yaml/createTask.yaml
[INFO 2019-08-27 09:37:55]解析yaml, Path:C:\API_Automation-master/Params/Yaml/login.yaml
[INFO 2019-08-27 09:37:55]解析yaml, Path:C:\API_Automation-master/Params/Yaml/createTask.yaml
[INFO 2019-08-27 09:39:18]解析yaml, Path:C:\API_Automation-master/Params/Yaml/login.yaml
[INFO 2019-08-27 09:39:18]解析yaml, Path:C:\API_Automation-master/Params/Yaml/createTask.yaml
[INFO 2019-08-27 09:39:24]解析yaml, Path:C:\API_Automation-master/Params/Yaml/login.yaml
[INFO 2019-08-27 09:39:24]解析yaml, Path:C:\API_Automation-master/Params/Yaml/createTask.yaml
[INFO 2019-08-27 09:43:52]解析yaml, Path:C:\API_Automation-master/Params/Yaml/login.yaml
[INFO 2019-08-27 09:43:52]解析yaml, Path:C:\API_Automation-master/Params/Yaml/createTask.yaml
[INFO 2019-08-27 09:46:53]解析yaml, Path:C:\API_Automation-master/Params/Yaml/login.yaml
[INFO 2019-08-27 09:46:53]解析yaml, Path:C:\API_Automation-master/Params/Yaml/createTask.yaml
[INFO 2019-08-27 10:01:26]解析yaml, Path:C:\API_Automation-master/Params/Yaml/login.yaml
[INFO 2019-08-27 10:01:26]解析yaml, Path:C:\API_Automation-master/Params/Yaml/createTask.yaml
[INFO 2019-08-27 10:04:39]解析yaml, Path:C:\API_Automation-master/Params/Yaml/login.yaml
[INFO 2019-08-27 10:04:39]解析yaml, Path:C:\API_Automation-master/Params/Yaml/createTask.yaml
[INFO 2019-08-27 10:05:36]解析yaml, Path:C:\API_Automation-master/Params/Yaml/login.yaml
[INFO 2019-08-27 10:05:36]解析yaml, Path:C:\API_Automation-master/Params/Yaml/createTask.yaml
[INFO 2019-08-27 10:06:51]解析yaml, Path:C:\API_Automation-master/Params/Yaml/login.yaml
[INFO 2019-08-27 10:06:51]解析yaml, Path:C:\API_Automation-master/Params/Yaml/createTask.yaml
[INFO 2019-08-27 10:07:18]解析yaml, Path:C:\API_Automation-master/Params/Yaml/login.yaml
[INFO 2019-08-27 10:07:18]解析yaml, Path:C:\API_Automation-master/Params/Yaml/createTask.yaml
[INFO 2019-08-27 10:07:25]解析yaml, Path:C:\API_Automation-master/Params/Yaml/login.yaml
[INFO 2019-08-27 10:07:25]解析yaml, Path:C:\API_Automation-master/Params/Yaml/createTask.yaml
[INFO 2019-08-27 10:07:40]解析yaml, Path:C:\API_Automation-master/Params/Yaml/login.yaml
[INFO 2019-08-27 10:07:40]解析yaml, Path:C:\API_Automation-master/Params/Yaml/createTask.yaml
[INFO 2019-08-27 10:08:06]解析yaml, Path:C:\API_Automation-master/Params/Yaml/login.yaml
[INFO 2019-08-27 10:08:06]解析yaml, Path:C:\API_Automation-master/Params/Yaml/createTask.yaml
[INFO 2019-08-27 10:09:51]解析yaml, Path:C:\API_Automation-master/Params/Yaml/login.yaml
[INFO 2019-08-27 10:09:51]解析yaml, Path:C:\API_Automation-master/Params/Yaml/createTask.yaml
[INFO 2019-08-27 10:22:31]解析yaml, Path:C:\API_Automation-master/Params/Yaml/login.yaml
[INFO 2019-08-27 10:22:31]解析yaml, Path:C:\API_Automation-master/Params/Yaml/createTask.yaml
[INFO 2019-08-27 10:23:52]解析yaml, Path:C:\API_Automation-master/Params/Yaml/login.yaml
[INFO 2019-08-27 10:23:52]解析yaml, Path:C:\API_Automation-master/Params/Yaml/createTask.yaml
[INFO 2019-08-27 10:24:05]解析yaml, Path:C:\API_Automation-master/Params/Yaml/login.yaml
[INFO 2019-08-27 10:24:05]解析yaml, Path:C:\API_Automation-master/Params/Yaml/createTask.yaml
[INFO 2019-08-27 10:24:20]解析yaml, Path:C:\API_Automation-master/Params/Yaml/login.yaml
[INFO 2019-08-27 10:24:20]解析yaml, Path:C:\API_Automation-master/Params/Yaml/createTask.yaml
[INFO 2019-08-27 10:24:39]解析yaml, Path:C:\API_Automation-master/Params/Yaml/login.yaml
[INFO 2019-08-27 10:24:39]解析yaml, Path:C:\API_Automation-master/Params/Yaml/createTask.yaml
[INFO 2019-08-27 10:25:05]解析yaml, Path:C:\API_Automation-master/Params/Yaml/login.yaml
[INFO 2019-08-27 10:25:05]解析yaml, Path:C:\API_Automation-master/Params/Yaml/createTask.yaml
[INFO 2019-08-27 10:26:11]解析yaml, Path:C:\API_Automation-master/Params/Yaml/login.yaml
[INFO 2019-08-27 10:26:11]解析yaml, Path:C:\API_Automation-master/Params/Yaml/createTask.yaml
[INFO 2019-08-27 10:28:31]解析yaml, Path:C:\API_Automation-master/Params/Yaml/login.yaml
[INFO 2019-08-27 10:28:31]解析yaml, Path:C:\API_Automation-master/Params/Yaml/createTask.yaml
[INFO 2019-08-27 10:28:47]解析yaml, Path:C:\API_Automation-master/Params/Yaml/login.yaml
[INFO 2019-08-27 10:28:48]解析yaml, Path:C:\API_Automation-master/Params/Yaml/createTask.yaml
[INFO 2019-08-27 10:30:05]解析yaml, Path:C:\API_Automation-master/Params/Yaml/login.yaml
[INFO 2019-08-27 10:30:05]解析yaml, Path:C:\API_Automation-master/Params/Yaml/createTask.yaml
[INFO 2019-08-27 10:34:35]解析yaml, Path:C:\API_Automation-master/Params/Yaml/login.yaml
[INFO 2019-08-27 10:34:35]解析yaml, Path:C:\API_Automation-master/Params/Yaml/createTask.yaml
[INFO 2019-08-27 10:55:32]解析yaml, Path:C:\API_Automation-master/Params/Yaml/login.yaml
[INFO 2019-08-27 10:55:32]解析yaml, Path:C:\API_Automation-master/Params/Yaml/createTask.yaml
[INFO 2019-08-27 10:55:56]解析yaml, Path:C:\API_Automation-master/Params/Yaml/login.yaml
[INFO 2019-08-27 10:55:56]解析yaml, Path:C:\API_Automation-master/Params/Yaml/createTask.yaml
[INFO 2019-08-27 10:56:52]解析yaml, Path:C:\API_Automation-master/Params/Yaml/login.yaml
[INFO 2019-08-27 10:56:52]解析yaml, Path:C:\API_Automation-master/Params/Yaml/createTask.yaml
[INFO 2019-08-27 14:16:31]解析yaml, Path:C:\API_Automation-master/Params/Yaml/login.yaml
[INFO 2019-08-27 14:16:31]解析yaml, Path:C:\API_Automation-master/Params/Yaml/createTask.yaml
[INFO 2019-08-27 14:16:51]解析yaml, Path:C:\API_Automation-master/Params/Yaml/login.yaml
[INFO 2019-08-27 14:16:51]解析yaml, Path:C:\API_Automation-master/Params/Yaml/createTask.yaml
[INFO 2019-08-27 16:59:02]解析yaml, Path:C:\API_Automation-master/Params/Yaml/login.yaml
[INFO 2019-08-27 16:59:02]解析yaml, Path:C:\API_Automation-master/Params/Yaml/createTask.yaml
[INFO 2019-08-27 17:01:21]解析yaml, Path:C:\API_Automation-master/Params/Yaml/login.yaml
[INFO 2019-08-27 17:01:21]解析yaml, Path:C:\API_Automation-master/Params/Yaml/createTask.yaml
[INFO 2019-08-27 17:02:24]解析yaml, Path:C:\API_Automation-master/Params/Yaml/login.yaml
[INFO 2019-08-27 17:02:24]解析yaml, Path:C:\API_Automation-master/Params/Yaml/createTask.yaml
[INFO 2019-08-27 17:02:51]解析yaml, Path:C:\API_Automation-master/Params/Yaml/login.yaml
[INFO 2019-08-27 17:02:51]解析yaml, Path:C:\API_Automation-master/Params/Yaml/createTask.yaml
[INFO 2019-08-27 17:05:12]解析yaml, Path:C:\API_Automation-master/Params/Yaml/login.yaml
[INFO 2019-08-27 17:05:12]解析yaml, Path:C:\API_Automation-master/Params/Yaml/createTask.yaml
[INFO 2019-08-27 17:08:20]解析yaml, Path:C:\API_Automation-master/Params/Yaml/login.yaml
[INFO 2019-08-27 17:08:20]解析yaml, Path:C:\API_Automation-master/Params/Yaml/createTask.yaml
[INFO 2019-08-27 17:09:38]解析yaml, Path:C:\API_Automation-master/Params/Yaml/login.yaml
[INFO 2019-08-27 17:09:38]解析yaml, Path:C:\API_Automation-master/Params/Yaml/createTask.yaml
[INFO 2019-08-27 17:10:28]解析yaml, Path:C:\API_Automation-master/Params/Yaml/login.yaml
[INFO 2019-08-27 17:10:28]解析yaml, Path:C:\API_Automation-master/Params/Yaml/createTask.yaml
[INFO 2019-08-27 17:10:46]解析yaml, Path:C:\API_Automation-master/Params/Yaml/login.yaml
[INFO 2019-08-27 17:10:46]解析yaml, Path:C:\API_Automation-master/Params/Yaml/createTask.yaml
[INFO 2019-08-27 17:11:07]解析yaml, Path:C:\API_Automation-master/Params/Yaml/login.yaml
[INFO 2019-08-27 17:11:07]解析yaml, Path:C:\API_Automation-master/Params/Yaml/createTask.yaml
[INFO 2019-08-27 17:11:11]解析yaml, Path:C:\API_Automation-master/Params/Yaml/login.yaml
[INFO 2019-08-27 17:11:11]解析yaml, Path:C:\API_Automation-master/Params/Yaml/createTask.yaml
[INFO 2019-08-27 17:22:29]解析yaml, Path:C:\API_Automation-master/Params/Yaml/login.yaml
[INFO 2019-08-27 17:22:29]解析yaml, Path:C:\API_Automation-master/Params/Yaml/createTask.yaml
[INFO 2019-08-27 17:24:46]解析yaml, Path:C:\API_Automation-master/Params/Yaml/login.yaml
[INFO 2019-08-27 17:24:46]解析yaml, Path:C:\API_Automation-master/Params/Yaml/createTask.yaml
[INFO 2019-08-27 17:24:55]解析yaml, Path:C:\API_Automation-master/Params/Yaml/login.yaml
[INFO 2019-08-27 17:24:55]解析yaml, Path:C:\API_Automation-master/Params/Yaml/createTask.yaml
[INFO 2019-08-27 17:25:03]解析yaml, Path:C:\API_Automation-master/Params/Yaml/login.yaml
[INFO 2019-08-27 17:25:03]解析yaml, Path:C:\API_Automation-master/Params/Yaml/createTask.yaml
[INFO 2019-08-27 17:25:29]解析yaml, Path:C:\API_Automation-master/Params/Yaml/login.yaml
[INFO 2019-08-27 17:25:29]解析yaml, Path:C:\API_Automation-master/Params/Yaml/createTask.yaml
[INFO 2019-08-27 17:25:40]解析yaml, Path:C:\API_Automation-master/Params/Yaml/login.yaml
[INFO 2019-08-27 17:25:40]解析yaml, Path:C:\API_Automation-master/Params/Yaml/createTask.yaml
[INFO 2019-08-27 17:26:01]解析yaml, Path:C:\API_Automation-master/Params/Yaml/login.yaml
[INFO 2019-08-27 17:26:01]解析yaml, Path:C:\API_Automation-master/Params/Yaml/createTask.yaml
[INFO 2019-08-27 17:32:21]解析yaml, Path:C:\API_Automation-master/Params/Yaml/login.yaml
[INFO 2019-08-27 17:32:21]解析yaml, Path:C:\API_Automation-master/Params/Yaml/createTask.yaml
[INFO 2019-08-27 17:32:59]解析yaml, Path:C:\API_Automation-master/Params/Yaml/login.yaml
[INFO 2019-08-27 17:32:59]解析yaml, Path:C:\API_Automation-master/Params/Yaml/createTask.yaml
[INFO 2019-08-28 09:51:12]解析yaml, Path:C:\API_Automation-master/Params/Yaml/login.yaml
[INFO 2019-08-28 09:51:12]解析yaml, Path:C:\API_Automation-master/Params/Yaml/createTask.yaml
[INFO 2019-08-28 09:55:55]解析yaml, Path:C:\API_Automation-master/Params/Yaml/login.yaml
[INFO 2019-08-28 09:55:55]解析yaml, Path:C:\API_Automation-master/Params/Yaml/createTask.yaml
[INFO 2019-08-28 10:00:01]解析yaml, Path:C:\API_Automation-master/Params/Yaml/login.yaml
[INFO 2019-08-28 10:00:01]解析yaml, Path:C:\API_Automation-master/Params/Yaml/createTask.yaml
[INFO 2019-08-28 10:01:19]解析yaml, Path:C:\API_Automation-master/Params/Yaml/login.yaml
[INFO 2019-08-28 10:01:19]解析yaml, Path:C:\API_Automation-master/Params/Yaml/createTask.yaml
[INFO 2019-08-28 10:02:40]解析yaml, Path:C:\API_Automation-master/Params/Yaml/login.yaml
[INFO 2019-08-28 10:02:40]解析yaml, Path:C:\API_Automation-master/Params/Yaml/createTask.yaml
[INFO 2019-08-28 10:03:33]解析yaml, Path:C:\API_Automation-master/Params/Yaml/login.yaml
[INFO 2019-08-28 10:03:33]解析yaml, Path:C:\API_Automation-master/Params/Yaml/createTask.yaml
[INFO 2019-08-28 10:06:46]解析yaml, Path:C:\API_Automation-master/Params/Yaml/login.yaml
[INFO 2019-08-28 10:06:46]解析yaml, Path:C:\API_Automation-master/Params/Yaml/createTask.yaml
[INFO 2019-08-28 10:07:24]解析yaml, Path:C:\API_Automation-master/Params/Yaml/login.yaml
[INFO 2019-08-28 10:07:24]解析yaml, Path:C:\API_Automation-master/Params/Yaml/createTask.yaml
[INFO 2019-08-28 10:10:22]解析yaml, Path:C:\API_Automation-master/Params/Yaml/login.yaml
[INFO 2019-08-28 10:10:22]解析yaml, Path:C:\API_Automation-master/Params/Yaml/createTask.yaml
[INFO 2019-08-28 10:11:06]解析yaml, Path:C:\API_Automation-master/Params/Yaml/login.yaml
[INFO 2019-08-28 10:11:06]解析yaml, Path:C:\API_Automation-master/Params/Yaml/createTask.yaml
[INFO 2019-08-28 10:12:06]解析yaml, Path:C:\API_Automation-master/Params/Yaml/login.yaml
[INFO 2019-08-28 10:12:06]解析yaml, Path:C:\API_Automation-master/Params/Yaml/createTask.yaml
[INFO 2019-08-28 10:12:29]解析yaml, Path:C:\API_Automation-master/Params/Yaml/login.yaml
[INFO 2019-08-28 10:12:29]解析yaml, Path:C:\API_Automation-master/Params/Yaml/createTask.yaml
[INFO 2019-08-28 10:15:24]解析yaml, Path:C:\API_Automation-master/Params/Yaml/login.yaml
[INFO 2019-08-28 10:15:24]解析yaml, Path:C:\API_Automation-master/Params/Yaml/createTask.yaml
[INFO 2019-08-28 10:15:49]解析yaml, Path:C:\API_Automation-master/Params/Yaml/login.yaml
[INFO 2019-08-28 10:15:49]解析yaml, Path:C:\API_Automation-master/Params/Yaml/createTask.yaml
[INFO 2019-08-28 10:15:57]解析yaml, Path:C:\API_Automation-master/Params/Yaml/login.yaml
[INFO 2019-08-28 10:15:57]解析yaml, Path:C:\API_Automation-master/Params/Yaml/createTask.yaml
[INFO 2019-08-28 10:16:33]解析yaml, Path:C:\API_Automation-master/Params/Yaml/login.yaml
[INFO 2019-08-28 10:16:33]解析yaml, Path:C:\API_Automation-master/Params/Yaml/createTask.yaml
[INFO 2019-08-28 10:21:36]解析yaml, Path:C:\API_Automation-master/Params/Yaml/login.yaml
[INFO 2019-08-28 10:21:36]解析yaml, Path:C:\API_Automation-master/Params/Yaml/createTask.yaml
[INFO 2019-08-28 10:22:03]解析yaml, Path:C:\API_Automation-master/Params/Yaml/login.yaml
[INFO 2019-08-28 10:22:03]解析yaml, Path:C:\API_Automation-master/Params/Yaml/createTask.yaml
[INFO 2019-08-28 10:22:41]解析yaml, Path:C:\API_Automation-master/Params/Yaml/login.yaml
[INFO 2019-08-28 10:22:41]解析yaml, Path:C:\API_Automation-master/Params/Yaml/createTask.yaml
[INFO 2019-08-28 10:23:36]解析yaml, Path:C:\API_Automation-master/Params/Yaml/login.yaml
[INFO 2019-08-28 10:23:36]解析yaml, Path:C:\API_Automation-master/Params/Yaml/createTask.yaml
[INFO 2019-08-28 10:26:16]解析yaml, Path:C:\API_Automation-master/Params/Yaml/login.yaml
[INFO 2019-08-28 10:26:16]解析yaml, Path:C:\API_Automation-master/Params/Yaml/createTask.yaml
[INFO 2019-08-28 10:32:18]解析yaml, Path:C:\API_Automation-master/Params/Yaml/login.yaml
[INFO 2019-08-28 10:32:18]解析yaml, Path:C:\API_Automation-master/Params/Yaml/createTask.yaml
[INFO 2019-08-28 10:48:43]解析yaml, Path:C:\API_Automation-master/Params/Yaml/login.yaml
[INFO 2019-08-28 10:48:43]解析yaml, Path:C:\API_Automation-master/Params/Yaml/createTask.yaml
[INFO 2019-08-28 13:59:42]解析yaml, Path:C:\API_Automation-master/Params/Yaml/login.yaml
[INFO 2019-08-28 13:59:42]解析yaml, Path:C:\API_Automation-master/Params/Yaml/createTask.yaml
[INFO 2019-08-28 14:00:23]解析yaml, Path:C:\API_Automation-master/Params/Yaml/login.yaml
[INFO 2019-08-28 14:00:23]解析yaml, Path:C:\API_Automation-master/Params/Yaml/createTask.yaml
[INFO 2019-08-28 14:02:07]解析yaml, Path:C:\API_Automation-master/Params/Yaml/login.yaml
[INFO 2019-08-28 14:02:07]解析yaml, Path:C:\API_Automation-master/Params/Yaml/createTask.yaml
[INFO 2019-08-28 14:02:10]解析yaml, Path:C:\API_Automation-master/Params/Yaml/login.yaml
[INFO 2019-08-28 14:02:10]解析yaml, Path:C:\API_Automation-master/Params/Yaml/createTask.yaml
[INFO 2019-08-28 14:11:04]解析yaml, Path:C:\API_Automation-master/Params/Yaml/login.yaml
[INFO 2019-08-28 14:11:04]解析yaml, Path:C:\API_Automation-master/Params/Yaml/createTask.yaml
[INFO 2019-08-28 14:11:27]解析yaml, Path:C:\API_Automation-master/Params/Yaml/login.yaml
[INFO 2019-08-28 14:11:27]解析yaml, Path:C:\API_Automation-master/Params/Yaml/createTask.yaml
[INFO 2019-08-28 14:12:03]解析yaml, Path:C:\API_Automation-master/Params/Yaml/login.yaml
[INFO 2019-08-28 14:12:03]解析yaml, Path:C:\API_Automation-master/Params/Yaml/createTask.yaml
[INFO 2019-08-28 14:13:19]解析yaml, Path:C:\API_Automation-master/Params/Yaml/login.yaml
[INFO 2019-08-28 14:13:19]解析yaml, Path:C:\API_Automation-master/Params/Yaml/createTask.yaml
[INFO 2019-08-28 14:19:34]解析yaml, Path:C:\API_Automation-master/Params/Yaml/login.yaml
[INFO 2019-08-28 14:19:34]解析yaml, Path:C:\API_Automation-master/Params/Yaml/createTask.yaml
[INFO 2019-08-28 15:08:50]解析yaml, Path:C:\API_Automation-master/Params/Yaml/login.yaml
[INFO 2019-08-28 15:08:50]解析yaml, Path:C:\API_Automation-master/Params/Yaml/createTask.yaml
[INFO 2019-08-28 15:15:51]解析yaml, Path:C:\API_Automation-master/Params/Yaml/login.yaml
[INFO 2019-08-28 15:15:51]解析yaml, Path:C:\API_Automation-master/Params/Yaml/createTask.yaml
[INFO 2019-08-28 15:16:40]解析yaml, Path:C:\API_Automation-master/Params/Yaml/login.yaml
[INFO 2019-08-28 15:16:40]解析yaml, Path:C:\API_Automation-master/Params/Yaml/createTask.yaml
[INFO 2019-08-28 15:17:15]解析yaml, Path:C:\API_Automation-master/Params/Yaml/login.yaml
[INFO 2019-08-28 15:17:15]解析yaml, Path:C:\API_Automation-master/Params/Yaml/createTask.yaml
[INFO 2019-08-28 15:18:39]解析yaml, Path:C:\API_Automation-master/Params/Yaml/login.yaml
[INFO 2019-08-28 15:18:39]解析yaml, Path:C:\API_Automation-master/Params/Yaml/createTask.yaml
[INFO 2019-08-28 15:19:36]解析yaml, Path:C:\API_Automation-master/Params/Yaml/login.yaml
[INFO 2019-08-28 15:19:36]解析yaml, Path:C:\API_Automation-master/Params/Yaml/createTask.yaml
[INFO 2019-08-28 15:21:27]解析yaml, Path:C:\API_Automation-master/Params/Yaml/login.yaml
[INFO 2019-08-28 15:21:27]解析yaml, Path:C:\API_Automation-master/Params/Yaml/createTask.yaml
[INFO 2019-08-28 15:22:13]解析yaml, Path:C:\API_Automation-master/Params/Yaml/login.yaml
[INFO 2019-08-28 15:22:13]解析yaml, Path:C:\API_Automation-master/Params/Yaml/createTask.yaml
[INFO 2019-08-28 15:24:00]解析yaml, Path:C:\API_Automation-master/Params/Yaml/login.yaml
[INFO 2019-08-28 15:24:00]解析yaml, Path:C:\API_Automation-master/Params/Yaml/createTask.yaml
[INFO 2019-08-28 15:24:51]解析yaml, Path:C:\API_Automation-master/Params/Yaml/login.yaml
[INFO 2019-08-28 15:24:51]解析yaml, Path:C:\API_Automation-master/Params/Yaml/createTask.yaml
[ERROR 2019-08-28 15:24:52]statusCode error, expected_code is 200, statusCode is 900 
[INFO 2019-08-28 15:25:09]解析yaml, Path:C:\API_Automation-master/Params/Yaml/login.yaml
[INFO 2019-08-28 15:25:09]解析yaml, Path:C:\API_Automation-master/Params/Yaml/createTask.yaml
[INFO 2019-08-28 15:25:20]解析yaml, Path:C:\API_Automation-master/Params/Yaml/login.yaml
[INFO 2019-08-28 15:25:20]解析yaml, Path:C:\API_Automation-master/Params/Yaml/createTask.yaml
[INFO 2019-08-28 15:25:50]解析yaml, Path:C:\API_Automation-master/Params/Yaml/login.yaml
[INFO 2019-08-28 15:25:50]解析yaml, Path:C:\API_Automation-master/Params/Yaml/createTask.yaml
[INFO 2019-08-28 15:27:03]解析yaml, Path:C:\API_Automation-master/Params/Yaml/login.yaml
[INFO 2019-08-28 15:27:03]解析yaml, Path:C:\API_Automation-master/Params/Yaml/createTask.yaml
[INFO 2019-08-28 15:49:35]解析yaml, Path:C:\API_Automation-master/Params/Yaml/login.yaml
[INFO 2019-08-28 15:49:35]解析yaml, Path:C:\API_Automation-master/Params/Yaml/createTask.yaml
[ERROR 2019-08-28 15:49:35]statusCode error, expected_code is 200, statusCode is 404 
[ERROR 2019-08-28 15:49:36]statusCode error, expected_code is 200, statusCode is 900 
[INFO 2019-08-28 16:05:32]解析yaml, Path:C:\API_Automation-master/Params/Yaml/login.yaml
[INFO 2019-08-28 16:05:32]解析yaml, Path:C:\API_Automation-master/Params/Yaml/createTask.yaml
[ERROR 2019-08-28 16:05:32]statusCode error, expected_code is 200, statusCode is 404 
[ERROR 2019-08-28 16:05:33]statusCode error, expected_code is 200, statusCode is 900 
[INFO 2019-08-29 09:41:33]解析yaml, Path:C:\API_Automation-master/Params/Yaml/login.yaml
[INFO 2019-08-29 09:41:33]解析yaml, Path:C:\API_Automation-master/Params/Yaml/createTask.yaml
[INFO 2019-08-29 09:43:47]解析yaml, Path:C:\API_Automation-master/Params/Yaml/login.yaml
[INFO 2019-08-29 09:43:47]解析yaml, Path:C:\API_Automation-master/Params/Yaml/createTask.yaml
[INFO 2019-08-29 09:44:38]解析yaml, Path:C:\API_Automation-master/Params/Yaml/login.yaml
[INFO 2019-08-29 09:44:38]解析yaml, Path:C:\API_Automation-master/Params/Yaml/createTask.yaml
[INFO 2019-08-29 09:45:36]解析yaml, Path:C:\API_Automation-master/Params/Yaml/login.yaml
[INFO 2019-08-29 09:45:36]解析yaml, Path:C:\API_Automation-master/Params/Yaml/createTask.yaml
[INFO 2019-08-29 09:47:06]解析yaml, Path:C:\API_Automation-master/Params/Yaml/login.yaml
[INFO 2019-08-29 09:47:06]解析yaml, Path:C:\API_Automation-master/Params/Yaml/createTask.yaml
[INFO 2019-08-29 09:48:34]解析yaml, Path:C:\API_Automation-master/Params/Yaml/login.yaml
[INFO 2019-08-29 09:48:34]解析yaml, Path:C:\API_Automation-master/Params/Yaml/createTask.yaml
[INFO 2019-08-29 10:28:13]解析yaml, Path:C:\API_Automation-master/Params/Yaml/login.yaml
[INFO 2019-08-29 10:29:25]解析yaml, Path:C:\API_Automation-master/Params/Yaml/login.yaml
[INFO 2019-08-29 10:42:33]解析yaml, Path:C:\API_Automation-master/Params/Yaml/login.yaml
[INFO 2019-08-29 10:53:06]解析yaml, Path:C:\API_Automation-master/Params/Yaml/login.yaml
[INFO 2019-08-29 10:53:06]解析yaml, Path:C:\API_Automation-master/Params/Yaml/createTask.yaml
[INFO 2019-08-29 10:53:06]解析yaml, Path:C:\API_Automation-master/Params/Yaml/save1.yaml
[INFO 2019-08-29 10:53:06]解析yaml, Path:C:\API_Automation-master/Params/Yaml/handleTask1.yaml
[INFO 2019-08-29 10:53:06]解析yaml, Path:C:\API_Automation-master/Params/Yaml/login.yaml
[INFO 2019-08-29 10:53:06]解析yaml, Path:C:\API_Automation-master/Params/Yaml/createTask.yaml
[INFO 2019-08-29 10:53:49]解析yaml, Path:C:\API_Automation-master/Params/Yaml/login.yaml
[INFO 2019-08-29 10:53:49]解析yaml, Path:C:\API_Automation-master/Params/Yaml/createTask.yaml
[INFO 2019-08-29 10:53:49]解析yaml, Path:C:\API_Automation-master/Params/Yaml/save1.yaml
[INFO 2019-08-29 10:53:49]解析yaml, Path:C:\API_Automation-master/Params/Yaml/handleTask1.yaml
[INFO 2019-08-29 10:53:49]解析yaml, Path:C:\API_Automation-master/Params/Yaml/login.yaml
[INFO 2019-08-29 10:53:49]解析yaml, Path:C:\API_Automation-master/Params/Yaml/createTask.yaml
[INFO 2019-08-29 11:04:25]解析yaml, Path:C:\API_Automation-master/Params/Yaml/login.yaml
[INFO 2019-08-29 11:04:25]解析yaml, Path:C:\API_Automation-master/Params/Yaml/createTask.yaml
[INFO 2019-08-29 11:04:25]解析yaml, Path:C:\API_Automation-master/Params/Yaml/save1.yaml
[INFO 2019-08-29 11:04:25]解析yaml, Path:C:\API_Automation-master/Params/Yaml/handleTask1.yaml
[INFO 2019-08-29 11:04:25]解析yaml, Path:C:\API_Automation-master/Params/Yaml/login.yaml
[INFO 2019-08-29 11:04:25]解析yaml, Path:C:\API_Automation-master/Params/Yaml/createTask.yaml
[INFO 2019-08-29 11:06:35]解析yaml, Path:C:\API_Automation-master/Params/Yaml/login.yaml
[INFO 2019-08-29 11:06:35]解析yaml, Path:C:\API_Automation-master/Params/Yaml/createTask.yaml
[INFO 2019-08-29 11:06:35]解析yaml, Path:C:\API_Automation-master/Params/Yaml/save1.yaml
[INFO 2019-08-29 11:06:35]解析yaml, Path:C:\API_Automation-master/Params/Yaml/handleTask1.yaml
[INFO 2019-08-29 11:06:35]解析yaml, Path:C:\API_Automation-master/Params/Yaml/login.yaml
[INFO 2019-08-29 11:06:35]解析yaml, Path:C:\API_Automation-master/Params/Yaml/createTask.yaml
[ERROR 2019-08-29 11:06:35]statusCode error, expected_code is SUCCESS, statusCode is INTERNAL_SERVER_ERROR 
[INFO 2019-08-29 11:07:38]解析yaml, Path:C:\API_Automation-master/Params/Yaml/login.yaml
[INFO 2019-08-29 11:07:38]解析yaml, Path:C:\API_Automation-master/Params/Yaml/createTask.yaml
[INFO 2019-08-29 11:07:38]解析yaml, Path:C:\API_Automation-master/Params/Yaml/save1.yaml
[INFO 2019-08-29 11:07:38]解析yaml, Path:C:\API_Automation-master/Params/Yaml/handleTask1.yaml
[INFO 2019-08-29 11:07:39]解析yaml, Path:C:\API_Automation-master/Params/Yaml/login.yaml
[INFO 2019-08-29 11:07:39]解析yaml, Path:C:\API_Automation-master/Params/Yaml/createTask.yaml
[ERROR 2019-08-29 11:07:39]statusCode error, expected_code is SUCCESS, statusCode is INTERNAL_SERVER_ERROR 
[INFO 2019-08-29 11:08:23]解析yaml, Path:C:\API_Automation-master/Params/Yaml/login.yaml
[INFO 2019-08-29 11:08:24]解析yaml, Path:C:\API_Automation-master/Params/Yaml/createTask.yaml
[INFO 2019-08-29 11:08:24]解析yaml, Path:C:\API_Automation-master/Params/Yaml/save1.yaml
[INFO 2019-08-29 11:08:24]解析yaml, Path:C:\API_Automation-master/Params/Yaml/handleTask1.yaml
[INFO 2019-08-29 11:08:24]解析yaml, Path:C:\API_Automation-master/Params/Yaml/login.yaml
[INFO 2019-08-29 11:08:24]解析yaml, Path:C:\API_Automation-master/Params/Yaml/createTask.yaml
[ERROR 2019-08-29 11:08:24]statusCode error, expected_code is SUCCESS, statusCode is INTERNAL_SERVER_ERROR 
[INFO 2019-08-29 11:08:47]解析yaml, Path:C:\API_Automation-master/Params/Yaml/login.yaml
[INFO 2019-08-29 11:08:47]解析yaml, Path:C:\API_Automation-master/Params/Yaml/createTask.yaml
[INFO 2019-08-29 11:08:47]解析yaml, Path:C:\API_Automation-master/Params/Yaml/save1.yaml
[INFO 2019-08-29 11:08:47]解析yaml, Path:C:\API_Automation-master/Params/Yaml/handleTask1.yaml
[INFO 2019-08-29 11:08:47]解析yaml, Path:C:\API_Automation-master/Params/Yaml/login.yaml
[INFO 2019-08-29 11:08:47]解析yaml, Path:C:\API_Automation-master/Params/Yaml/createTask.yaml
[ERROR 2019-08-29 11:09:41]statusCode error, expected_code is SUCCESS, statusCode is INTERNAL_SERVER_ERROR 
[INFO 2019-08-29 11:11:17]解析yaml, Path:C:\API_Automation-master/Params/Yaml/login.yaml
[INFO 2019-08-29 11:11:17]解析yaml, Path:C:\API_Automation-master/Params/Yaml/createTask.yaml
[INFO 2019-08-29 11:11:17]解析yaml, Path:C:\API_Automation-master/Params/Yaml/save1.yaml
[INFO 2019-08-29 11:11:17]解析yaml, Path:C:\API_Automation-master/Params/Yaml/handleTask1.yaml
[INFO 2019-08-29 11:11:17]解析yaml, Path:C:\API_Automation-master/Params/Yaml/login.yaml
[INFO 2019-08-29 11:11:17]解析yaml, Path:C:\API_Automation-master/Params/Yaml/createTask.yaml
[INFO 2019-08-29 11:11:47]解析yaml, Path:C:\API_Automation-master/Params/Yaml/login.yaml
[INFO 2019-08-29 11:11:47]解析yaml, Path:C:\API_Automation-master/Params/Yaml/createTask.yaml
[INFO 2019-08-29 11:11:47]解析yaml, Path:C:\API_Automation-master/Params/Yaml/save1.yaml
[INFO 2019-08-29 11:11:47]解析yaml, Path:C:\API_Automation-master/Params/Yaml/handleTask1.yaml
[INFO 2019-08-29 11:11:48]解析yaml, Path:C:\API_Automation-master/Params/Yaml/login.yaml
[INFO 2019-08-29 11:11:48]解析yaml, Path:C:\API_Automation-master/Params/Yaml/createTask.yaml
[ERROR 2019-08-29 11:11:48]statusCode error, expected_code is SUCCESS, statusCode is INTERNAL_SERVER_ERROR 
[INFO 2019-08-29 11:15:41]解析yaml, Path:C:\API_Automation-master/Params/Yaml/login.yaml
[INFO 2019-08-29 11:15:41]解析yaml, Path:C:\API_Automation-master/Params/Yaml/createTask.yaml
[INFO 2019-08-29 11:15:42]解析yaml, Path:C:\API_Automation-master/Params/Yaml/save1.yaml
[INFO 2019-08-29 11:15:42]解析yaml, Path:C:\API_Automation-master/Params/Yaml/handleTask1.yaml
[INFO 2019-08-29 11:15:42]解析yaml, Path:C:\API_Automation-master/Params/Yaml/login.yaml
[INFO 2019-08-29 11:15:42]解析yaml, Path:C:\API_Automation-master/Params/Yaml/createTask.yaml
[INFO 2019-08-29 11:16:16]解析yaml, Path:C:\API_Automation-master/Params/Yaml/login.yaml
[INFO 2019-08-29 11:16:16]解析yaml, Path:C:\API_Automation-master/Params/Yaml/createTask.yaml
[INFO 2019-08-29 11:16:16]解析yaml, Path:C:\API_Automation-master/Params/Yaml/save1.yaml
[INFO 2019-08-29 11:16:16]解析yaml, Path:C:\API_Automation-master/Params/Yaml/handleTask1.yaml
[INFO 2019-08-29 11:16:16]解析yaml, Path:C:\API_Automation-master/Params/Yaml/login.yaml
[INFO 2019-08-29 11:16:16]解析yaml, Path:C:\API_Automation-master/Params/Yaml/createTask.yaml
[INFO 2019-08-29 11:16:35]解析yaml, Path:C:\API_Automation-master/Params/Yaml/login.yaml
[INFO 2019-08-29 11:16:35]解析yaml, Path:C:\API_Automation-master/Params/Yaml/createTask.yaml
[INFO 2019-08-29 11:16:35]解析yaml, Path:C:\API_Automation-master/Params/Yaml/save1.yaml
[INFO 2019-08-29 11:16:35]解析yaml, Path:C:\API_Automation-master/Params/Yaml/handleTask1.yaml
[INFO 2019-08-29 11:16:35]解析yaml, Path:C:\API_Automation-master/Params/Yaml/login.yaml
[INFO 2019-08-29 11:16:35]解析yaml, Path:C:\API_Automation-master/Params/Yaml/createTask.yaml
[INFO 2019-08-29 11:19:41]解析yaml, Path:C:\API_Automation-master/Params/Yaml/login.yaml
[INFO 2019-08-29 11:19:41]解析yaml, Path:C:\API_Automation-master/Params/Yaml/createTask.yaml
[INFO 2019-08-29 11:19:41]解析yaml, Path:C:\API_Automation-master/Params/Yaml/save1.yaml
[INFO 2019-08-29 11:19:41]解析yaml, Path:C:\API_Automation-master/Params/Yaml/handleTask1.yaml
[INFO 2019-08-29 11:19:41]解析yaml, Path:C:\API_Automation-master/Params/Yaml/login.yaml
[INFO 2019-08-29 11:19:41]解析yaml, Path:C:\API_Automation-master/Params/Yaml/createTask.yaml
[INFO 2019-08-29 11:24:57]解析yaml, Path:C:\API_Automation-master/Params/Yaml/login.yaml
[INFO 2019-08-29 11:24:57]解析yaml, Path:C:\API_Automation-master/Params/Yaml/createTask.yaml
[INFO 2019-08-29 11:24:57]解析yaml, Path:C:\API_Automation-master/Params/Yaml/save1.yaml
[INFO 2019-08-29 11:24:57]解析yaml, Path:C:\API_Automation-master/Params/Yaml/handleTask1.yaml
[INFO 2019-08-29 11:24:57]解析yaml, Path:C:\API_Automation-master/Params/Yaml/login.yaml
[INFO 2019-08-29 11:24:58]解析yaml, Path:C:\API_Automation-master/Params/Yaml/createTask.yaml
[INFO 2019-08-29 11:25:23]解析yaml, Path:C:\API_Automation-master/Params/Yaml/login.yaml
[INFO 2019-08-29 11:25:23]解析yaml, Path:C:\API_Automation-master/Params/Yaml/createTask.yaml
[INFO 2019-08-29 11:25:23]解析yaml, Path:C:\API_Automation-master/Params/Yaml/save1.yaml
[INFO 2019-08-29 11:25:23]解析yaml, Path:C:\API_Automation-master/Params/Yaml/handleTask1.yaml
[INFO 2019-08-29 11:25:23]解析yaml, Path:C:\API_Automation-master/Params/Yaml/login.yaml
[INFO 2019-08-29 11:25:23]解析yaml, Path:C:\API_Automation-master/Params/Yaml/createTask.yaml
[INFO 2019-08-29 11:27:06]解析yaml, Path:C:\API_Automation-master/Params/Yaml/login.yaml
[INFO 2019-08-29 11:27:06]解析yaml, Path:C:\API_Automation-master/Params/Yaml/createTask.yaml
[INFO 2019-08-29 11:27:06]解析yaml, Path:C:\API_Automation-master/Params/Yaml/save1.yaml
[INFO 2019-08-29 11:27:06]解析yaml, Path:C:\API_Automation-master/Params/Yaml/handleTask1.yaml
[INFO 2019-08-29 11:27:06]解析yaml, Path:C:\API_Automation-master/Params/Yaml/login.yaml
[INFO 2019-08-29 11:27:06]解析yaml, Path:C:\API_Automation-master/Params/Yaml/createTask.yaml
[INFO 2019-08-29 11:29:40]解析yaml, Path:C:\API_Automation-master/Params/Yaml/login.yaml
[INFO 2019-08-29 11:29:40]解析yaml, Path:C:\API_Automation-master/Params/Yaml/createTask.yaml
[INFO 2019-08-29 11:29:40]解析yaml, Path:C:\API_Automation-master/Params/Yaml/save1.yaml
[INFO 2019-08-29 11:29:40]解析yaml, Path:C:\API_Automation-master/Params/Yaml/handleTask1.yaml
[INFO 2019-08-29 11:29:40]解析yaml, Path:C:\API_Automation-master/Params/Yaml/login.yaml
[INFO 2019-08-29 11:29:40]解析yaml, Path:C:\API_Automation-master/Params/Yaml/createTask.yaml
[INFO 2019-08-29 11:30:10]解析yaml, Path:C:\API_Automation-master/Params/Yaml/login.yaml
[INFO 2019-08-29 11:30:10]解析yaml, Path:C:\API_Automation-master/Params/Yaml/createTask.yaml
[INFO 2019-08-29 11:30:10]解析yaml, Path:C:\API_Automation-master/Params/Yaml/save1.yaml
[INFO 2019-08-29 11:30:10]解析yaml, Path:C:\API_Automation-master/Params/Yaml/handleTask1.yaml
[INFO 2019-08-29 11:30:10]解析yaml, Path:C:\API_Automation-master/Params/Yaml/login.yaml
[INFO 2019-08-29 11:30:10]解析yaml, Path:C:\API_Automation-master/Params/Yaml/createTask.yaml
[INFO 2019-08-29 11:31:36]解析yaml, Path:C:\API_Automation-master/Params/Yaml/login.yaml
[INFO 2019-08-29 11:31:36]解析yaml, Path:C:\API_Automation-master/Params/Yaml/createTask.yaml
[INFO 2019-08-29 11:31:36]解析yaml, Path:C:\API_Automation-master/Params/Yaml/save1.yaml
[INFO 2019-08-29 11:31:36]解析yaml, Path:C:\API_Automation-master/Params/Yaml/handleTask1.yaml
[INFO 2019-08-29 11:31:36]解析yaml, Path:C:\API_Automation-master/Params/Yaml/login.yaml
[INFO 2019-08-29 11:31:36]解析yaml, Path:C:\API_Automation-master/Params/Yaml/createTask.yaml
[INFO 2019-08-29 11:33:26]解析yaml, Path:C:\API_Automation-master/Params/Yaml/login.yaml
[INFO 2019-08-29 11:33:26]解析yaml, Path:C:\API_Automation-master/Params/Yaml/createTask.yaml
[INFO 2019-08-29 11:33:26]解析yaml, Path:C:\API_Automation-master/Params/Yaml/save1.yaml
[INFO 2019-08-29 11:33:26]解析yaml, Path:C:\API_Automation-master/Params/Yaml/handleTask1.yaml
[INFO 2019-08-29 11:33:26]解析yaml, Path:C:\API_Automation-master/Params/Yaml/login.yaml
[INFO 2019-08-29 11:33:26]解析yaml, Path:C:\API_Automation-master/Params/Yaml/createTask.yaml
[ERROR 2019-08-29 11:33:26]statusCode error, expected_code is SUCCESS, statusCode is INTERNAL_SERVER_ERROR 
[INFO 2019-08-29 11:34:51]解析yaml, Path:C:\API_Automation-master/Params/Yaml/login.yaml
[INFO 2019-08-29 11:34:51]解析yaml, Path:C:\API_Automation-master/Params/Yaml/createTask.yaml
[INFO 2019-08-29 11:34:51]解析yaml, Path:C:\API_Automation-master/Params/Yaml/save1.yaml
[INFO 2019-08-29 11:34:51]解析yaml, Path:C:\API_Automation-master/Params/Yaml/handleTask1.yaml
[INFO 2019-08-29 11:34:51]解析yaml, Path:C:\API_Automation-master/Params/Yaml/login.yaml
[INFO 2019-08-29 11:34:51]解析yaml, Path:C:\API_Automation-master/Params/Yaml/createTask.yaml
[INFO 2019-08-30 08:58:50]解析yaml, Path:C:\API_Automation-master/Params/Yaml/login.yaml
[INFO 2019-08-30 08:58:51]解析yaml, Path:C:\API_Automation-master/Params/Yaml/createTask.yaml
[INFO 2019-08-30 08:58:51]解析yaml, Path:C:\API_Automation-master/Params/Yaml/save1.yaml
[INFO 2019-08-30 08:58:51]解析yaml, Path:C:\API_Automation-master/Params/Yaml/handleTask1.yaml
[INFO 2019-08-30 08:58:51]解析yaml, Path:C:\API_Automation-master/Params/Yaml/login.yaml
[INFO 2019-08-30 08:58:51]解析yaml, Path:C:\API_Automation-master/Params/Yaml/createTask.yaml
[INFO 2019-08-30 08:59:50]解析yaml, Path:C:\API_Automation-master/Params/Yaml/login.yaml
[INFO 2019-08-30 08:59:50]解析yaml, Path:C:\API_Automation-master/Params/Yaml/createTask.yaml
[INFO 2019-08-30 08:59:50]解析yaml, Path:C:\API_Automation-master/Params/Yaml/save1.yaml
[INFO 2019-08-30 08:59:50]解析yaml, Path:C:\API_Automation-master/Params/Yaml/handleTask1.yaml
[INFO 2019-08-30 08:59:50]解析yaml, Path:C:\API_Automation-master/Params/Yaml/login.yaml
[INFO 2019-08-30 08:59:50]解析yaml, Path:C:\API_Automation-master/Params/Yaml/createTask.yaml
[INFO 2019-08-30 09:01:11]解析yaml, Path:C:\API_Automation-master/Params/Yaml/login.yaml
[INFO 2019-08-30 09:01:11]解析yaml, Path:C:\API_Automation-master/Params/Yaml/createTask.yaml
[INFO 2019-08-30 09:01:11]解析yaml, Path:C:\API_Automation-master/Params/Yaml/save1.yaml
[INFO 2019-08-30 09:01:11]解析yaml, Path:C:\API_Automation-master/Params/Yaml/handleTask1.yaml
[INFO 2019-08-30 09:01:11]解析yaml, Path:C:\API_Automation-master/Params/Yaml/login.yaml
[INFO 2019-08-30 09:01:11]解析yaml, Path:C:\API_Automation-master/Params/Yaml/createTask.yaml
[INFO 2019-08-30 09:01:31]解析yaml, Path:C:\API_Automation-master/Params/Yaml/login.yaml
[INFO 2019-08-30 09:01:31]解析yaml, Path:C:\API_Automation-master/Params/Yaml/createTask.yaml
[INFO 2019-08-30 09:01:31]解析yaml, Path:C:\API_Automation-master/Params/Yaml/save1.yaml
[INFO 2019-08-30 09:01:31]解析yaml, Path:C:\API_Automation-master/Params/Yaml/handleTask1.yaml
[INFO 2019-08-30 09:01:31]解析yaml, Path:C:\API_Automation-master/Params/Yaml/login.yaml
[INFO 2019-08-30 09:01:31]解析yaml, Path:C:\API_Automation-master/Params/Yaml/createTask.yaml
[INFO 2019-08-30 09:12:03]解析yaml, Path:C:\API_Automation-master/Params/Yaml/login.yaml
[INFO 2019-08-30 09:12:03]解析yaml, Path:C:\API_Automation-master/Params/Yaml/createTask.yaml
[INFO 2019-08-30 09:12:03]解析yaml, Path:C:\API_Automation-master/Params/Yaml/save1.yaml
[INFO 2019-08-30 09:12:03]解析yaml, Path:C:\API_Automation-master/Params/Yaml/handleTask1.yaml
[INFO 2019-08-30 09:12:03]解析yaml, Path:C:\API_Automation-master/Params/Yaml/login.yaml
[INFO 2019-08-30 09:12:03]解析yaml, Path:C:\API_Automation-master/Params/Yaml/createTask.yaml
[INFO 2019-08-30 09:14:15]解析yaml, Path:C:\API_Automation-master/Params/Yaml/login.yaml
[INFO 2019-08-30 09:14:15]解析yaml, Path:C:\API_Automation-master/Params/Yaml/createTask.yaml
[INFO 2019-08-30 09:14:15]解析yaml, Path:C:\API_Automation-master/Params/Yaml/save1.yaml
[INFO 2019-08-30 09:14:15]解析yaml, Path:C:\API_Automation-master/Params/Yaml/handleTask1.yaml
[INFO 2019-08-30 09:14:15]解析yaml, Path:C:\API_Automation-master/Params/Yaml/login.yaml
[INFO 2019-08-30 09:14:15]解析yaml, Path:C:\API_Automation-master/Params/Yaml/createTask.yaml
[INFO 2019-08-30 09:14:56]解析yaml, Path:C:\API_Automation-master/Params/Yaml/login.yaml
[INFO 2019-08-30 09:14:56]解析yaml, Path:C:\API_Automation-master/Params/Yaml/createTask.yaml
[INFO 2019-08-30 09:14:56]解析yaml, Path:C:\API_Automation-master/Params/Yaml/save1.yaml
[INFO 2019-08-30 09:14:56]解析yaml, Path:C:\API_Automation-master/Params/Yaml/handleTask1.yaml
[INFO 2019-08-30 09:14:56]解析yaml, Path:C:\API_Automation-master/Params/Yaml/login.yaml
[INFO 2019-08-30 09:14:56]解析yaml, Path:C:\API_Automation-master/Params/Yaml/createTask.yaml
[INFO 2019-08-30 09:16:00]解析yaml, Path:C:\API_Automation-master/Params/Yaml/login.yaml
[INFO 2019-08-30 09:16:00]解析yaml, Path:C:\API_Automation-master/Params/Yaml/createTask.yaml
[INFO 2019-08-30 09:16:00]解析yaml, Path:C:\API_Automation-master/Params/Yaml/save1.yaml
[INFO 2019-08-30 09:16:00]解析yaml, Path:C:\API_Automation-master/Params/Yaml/handleTask1.yaml
[INFO 2019-08-30 09:16:00]解析yaml, Path:C:\API_Automation-master/Params/Yaml/login.yaml
[INFO 2019-08-30 09:16:00]解析yaml, Path:C:\API_Automation-master/Params/Yaml/createTask.yaml
[INFO 2019-08-30 09:18:21]解析yaml, Path:C:\API_Automation-master/Params/Yaml/login.yaml
[INFO 2019-08-30 09:18:21]解析yaml, Path:C:\API_Automation-master/Params/Yaml/createTask.yaml
[INFO 2019-08-30 09:18:21]解析yaml, Path:C:\API_Automation-master/Params/Yaml/save1.yaml
[INFO 2019-08-30 09:18:21]解析yaml, Path:C:\API_Automation-master/Params/Yaml/handleTask1.yaml
[INFO 2019-08-30 09:18:21]解析yaml, Path:C:\API_Automation-master/Params/Yaml/login.yaml
[INFO 2019-08-30 09:18:21]解析yaml, Path:C:\API_Automation-master/Params/Yaml/createTask.yaml
[INFO 2019-08-30 09:19:08]解析yaml, Path:C:\API_Automation-master/Params/Yaml/login.yaml
[INFO 2019-08-30 09:19:08]解析yaml, Path:C:\API_Automation-master/Params/Yaml/createTask.yaml
[INFO 2019-08-30 09:19:08]解析yaml, Path:C:\API_Automation-master/Params/Yaml/save1.yaml
[INFO 2019-08-30 09:19:08]解析yaml, Path:C:\API_Automation-master/Params/Yaml/handleTask1.yaml
[INFO 2019-08-30 09:19:08]解析yaml, Path:C:\API_Automation-master/Params/Yaml/login.yaml
[INFO 2019-08-30 09:19:08]解析yaml, Path:C:\API_Automation-master/Params/Yaml/createTask.yaml
[INFO 2019-08-30 09:20:38]解析yaml, Path:C:\API_Automation-master/Params/Yaml/login.yaml
[INFO 2019-08-30 09:20:38]解析yaml, Path:C:\API_Automation-master/Params/Yaml/createTask.yaml
[INFO 2019-08-30 09:20:38]解析yaml, Path:C:\API_Automation-master/Params/Yaml/save1.yaml
[INFO 2019-08-30 09:20:38]解析yaml, Path:C:\API_Automation-master/Params/Yaml/handleTask1.yaml
[INFO 2019-08-30 09:20:38]解析yaml, Path:C:\API_Automation-master/Params/Yaml/login.yaml
[INFO 2019-08-30 09:20:38]解析yaml, Path:C:\API_Automation-master/Params/Yaml/createTask.yaml
[INFO 2019-08-30 09:21:26]解析yaml, Path:C:\API_Automation-master/Params/Yaml/login.yaml
[INFO 2019-08-30 09:21:26]解析yaml, Path:C:\API_Automation-master/Params/Yaml/createTask.yaml
[INFO 2019-08-30 09:21:26]解析yaml, Path:C:\API_Automation-master/Params/Yaml/save1.yaml
[INFO 2019-08-30 09:21:26]解析yaml, Path:C:\API_Automation-master/Params/Yaml/handleTask1.yaml
[INFO 2019-08-30 09:21:26]解析yaml, Path:C:\API_Automation-master/Params/Yaml/login.yaml
[INFO 2019-08-30 09:21:26]解析yaml, Path:C:\API_Automation-master/Params/Yaml/createTask.yaml
[INFO 2019-08-30 09:22:10]解析yaml, Path:C:\API_Automation-master/Params/Yaml/login.yaml
[INFO 2019-08-30 09:22:10]解析yaml, Path:C:\API_Automation-master/Params/Yaml/createTask.yaml
[INFO 2019-08-30 09:22:10]解析yaml, Path:C:\API_Automation-master/Params/Yaml/save1.yaml
[INFO 2019-08-30 09:22:10]解析yaml, Path:C:\API_Automation-master/Params/Yaml/handleTask1.yaml
[INFO 2019-08-30 09:22:10]解析yaml, Path:C:\API_Automation-master/Params/Yaml/login.yaml
[INFO 2019-08-30 09:22:10]解析yaml, Path:C:\API_Automation-master/Params/Yaml/createTask.yaml
[INFO 2019-08-30 09:22:38]解析yaml, Path:C:\API_Automation-master/Params/Yaml/login.yaml
[INFO 2019-08-30 09:22:38]解析yaml, Path:C:\API_Automation-master/Params/Yaml/createTask.yaml
[INFO 2019-08-30 09:22:38]解析yaml, Path:C:\API_Automation-master/Params/Yaml/save1.yaml
[INFO 2019-08-30 09:22:38]解析yaml, Path:C:\API_Automation-master/Params/Yaml/handleTask1.yaml
[INFO 2019-08-30 09:22:38]解析yaml, Path:C:\API_Automation-master/Params/Yaml/login.yaml
[INFO 2019-08-30 09:22:38]解析yaml, Path:C:\API_Automation-master/Params/Yaml/createTask.yaml
[INFO 2019-08-30 09:28:00]解析yaml, Path:C:\API_Automation-master/Params/Yaml/login.yaml
[INFO 2019-08-30 09:28:00]解析yaml, Path:C:\API_Automation-master/Params/Yaml/createTask.yaml
[INFO 2019-08-30 09:28:00]解析yaml, Path:C:\API_Automation-master/Params/Yaml/save1.yaml
[INFO 2019-08-30 09:28:00]解析yaml, Path:C:\API_Automation-master/Params/Yaml/handleTask1.yaml
[INFO 2019-08-30 09:28:00]解析yaml, Path:C:\API_Automation-master/Params/Yaml/login.yaml
[INFO 2019-08-30 09:28:00]解析yaml, Path:C:\API_Automation-master/Params/Yaml/createTask.yaml
[INFO 2019-08-30 09:34:26]解析yaml, Path:C:\API_Automation-master/Params/Yaml/login.yaml
[INFO 2019-08-30 09:34:26]解析yaml, Path:C:\API_Automation-master/Params/Yaml/createTask.yaml
[INFO 2019-08-30 09:34:26]解析yaml, Path:C:\API_Automation-master/Params/Yaml/save1.yaml
[INFO 2019-08-30 09:34:26]解析yaml, Path:C:\API_Automation-master/Params/Yaml/handleTask1.yaml
[INFO 2019-08-30 09:34:26]解析yaml, Path:C:\API_Automation-master/Params/Yaml/login.yaml
[INFO 2019-08-30 09:34:26]解析yaml, Path:C:\API_Automation-master/Params/Yaml/createTask.yaml
[INFO 2019-08-30 09:35:38]解析yaml, Path:C:\API_Automation-master/Params/Yaml/login.yaml
[INFO 2019-08-30 09:35:38]解析yaml, Path:C:\API_Automation-master/Params/Yaml/createTask.yaml
[INFO 2019-08-30 09:35:38]解析yaml, Path:C:\API_Automation-master/Params/Yaml/save1.yaml
[INFO 2019-08-30 09:35:38]解析yaml, Path:C:\API_Automation-master/Params/Yaml/handleTask1.yaml
[INFO 2019-08-30 09:35:38]解析yaml, Path:C:\API_Automation-master/Params/Yaml/login.yaml
[INFO 2019-08-30 09:35:38]解析yaml, Path:C:\API_Automation-master/Params/Yaml/createTask.yaml
[ERROR 2019-08-30 09:35:38]statusCode error, expected_code is SUCCESS, statusCode is INTERNAL_SERVER_ERROR 
[INFO 2019-08-30 09:36:59]解析yaml, Path:C:\API_Automation-master/Params/Yaml/login.yaml
[INFO 2019-08-30 09:36:59]解析yaml, Path:C:\API_Automation-master/Params/Yaml/createTask.yaml
[INFO 2019-08-30 09:36:59]解析yaml, Path:C:\API_Automation-master/Params/Yaml/save1.yaml
[INFO 2019-08-30 09:36:59]解析yaml, Path:C:\API_Automation-master/Params/Yaml/handleTask1.yaml
[INFO 2019-08-30 09:36:59]解析yaml, Path:C:\API_Automation-master/Params/Yaml/login.yaml
[INFO 2019-08-30 09:36:59]解析yaml, Path:C:\API_Automation-master/Params/Yaml/createTask.yaml
[INFO 2019-08-30 09:45:38]解析yaml, Path:C:\API_Automation-master/Params/Yaml/login.yaml
[INFO 2019-08-30 09:45:38]解析yaml, Path:C:\API_Automation-master/Params/Yaml/createTask.yaml
[INFO 2019-08-30 09:45:38]解析yaml, Path:C:\API_Automation-master/Params/Yaml/save1.yaml
[INFO 2019-08-30 09:45:38]解析yaml, Path:C:\API_Automation-master/Params/Yaml/handleTask1.yaml
[INFO 2019-08-30 09:45:38]解析yaml, Path:C:\API_Automation-master/Params/Yaml/login.yaml
[INFO 2019-08-30 09:45:38]解析yaml, Path:C:\API_Automation-master/Params/Yaml/createTask.yaml
[INFO 2019-09-02 11:17:00]解析yaml, Path:C:\API_Automation-master/Params/Yaml/login.yaml
[INFO 2019-09-02 11:17:00]解析yaml, Path:C:\API_Automation-master/Params/Yaml/createTask.yaml
[INFO 2019-09-02 11:17:00]解析yaml, Path:C:\API_Automation-master/Params/Yaml/save1.yaml
[INFO 2019-09-02 11:17:00]解析yaml, Path:C:\API_Automation-master/Params/Yaml/handleTask1.yaml
[INFO 2019-09-02 11:17:00]解析yaml, Path:C:\API_Automation-master/Params/Yaml/login.yaml
[INFO 2019-09-02 11:17:00]解析yaml, Path:C:\API_Automation-master/Params/Yaml/createTask.yaml
[INFO 2019-09-02 16:08:46]解析yaml, Path:C:\API_Automation-master/Params/Yaml/login.yaml
[ERROR 2019-09-02 16:11:19]statusCode error, expected_code is 200, statusCode is 502 
[ERROR 2019-09-02 16:33:01]statusCode error, expected_code is 200, statusCode is 502 
[ERROR 2019-09-02 16:33:37]statusCode error, expected_code is 200, statusCode is 502 
[ERROR 2019-09-03 17:09:34]statusCode error, expected_code is 200, statusCode is 502 
[ERROR 2019-09-03 17:11:59]statusCode error, expected_code is SUCCESS, statusCode is INTERNAL_SERVER_ERROR 
[ERROR 2019-09-03 17:24:00]statusCode error, expected_code is SUCCESS, statusCode is INTERNAL_SERVER_ERROR 
[ERROR 2019-09-03 17:24:29]statusCode error, expected_code is SUCCESS, statusCode is INTERNAL_SERVER_ERROR 
[ERROR 2019-09-03 17:25:12]statusCode error, expected_code is SUCCESS, statusCode is routeElementNotFound 
[ERROR 2019-09-10 10:18:24]statusCode error, expected_code is SUCCESS, statusCode is INTERNAL_SERVER_ERROR 
[ERROR 2019-09-10 10:22:33]statusCode error, expected_code is SUCCESS, statusCode is INTERNAL_SERVER_ERROR 
[ERROR 2019-09-10 10:22:49]statusCode error, expected_code is SUCCESS, statusCode is INTERNAL_SERVER_ERROR 
[ERROR 2019-09-10 15:36:31]statusCode error, expected_code is 200, statusCode is 900 
[ERROR 2019-09-10 15:37:55]statusCode error, expected_code is 200, statusCode is 900 
[ERROR 2019-09-10 15:38:49]statusCode error, expected_code is 200, statusCode is 900 
[ERROR 2019-09-10 16:42:14]statusCode error, expected_code is SUCCESS, statusCode is INTERNAL_SERVER_ERROR 
[ERROR 2019-09-10 16:46:31]statusCode error, expected_code is SUCCESS, statusCode is INTERNAL_SERVER_ERROR 
[ERROR 2019-09-10 16:47:59]statusCode error, expected_code is SUCCESS, statusCode is INTERNAL_SERVER_ERROR 
[ERROR 2019-09-12 09:19:02]statusCode error, expected_code is SUCCESS, statusCode is 表单中未传入部门数据 
[ERROR 2019-09-18 10:02:08]statusCode error, expected_code is SUCCESS, statusCode is INTERNAL_SERVER_ERROR 
[ERROR 2019-09-18 10:37:34]statusCode error, expected_code is SUCCESS, statusCode is WF_ENGINE_RWYCL 
[ERROR 2019-09-18 11:23:50]statusCode error, expected_code is SUCCESS, statusCode is INTERNAL_SERVER_ERROR 
[ERROR 2019-09-18 11:37:37]statusCode error, expected_code is 200, statusCode is 500 
[ERROR 2019-09-18 11:38:34]statusCode error, expected_code is 200, statusCode is 500 
[ERROR 2019-09-18 11:39:17]statusCode error, expected_code is 200, statusCode is 500 
[ERROR 2019-09-18 12:03:44]statusCode error, expected_code is SUCCESS, statusCode is INTERNAL_SERVER_ERROR 
[ERROR 2019-09-18 13:49:29]statusCode error, expected_code is SUCCESS, statusCode is INTERNAL_SERVER_ERROR 
[ERROR 2019-09-19 17:22:45]statusCode error, expected_code is 200, statusCode is 502 
[ERROR 2019-09-20 14:38:35]statusCode error, expected_code is SUCCESS, statusCode is INTERNAL_SERVER_ERROR 
[ERROR 2019-09-21 16:20:24]statusCode error, expected_code is SUCCESS, statusCode is WF_ENGINE_RWYCL 
[ERROR 2019-09-21 16:20:36]statusCode error, expected_code is SUCCESS, statusCode is WF_ENGINE_RWYCL 
[ERROR 2019-09-21 16:20:37]statusCode error, expected_code is SUCCESS, statusCode is routeElementNotFound 
[ERROR 2019-09-23 14:56:27]statusCode error, expected_code is SUCCESS, statusCode is WF_ENGINE_RWYCL 
[ERROR 2019-09-23 14:57:31]statusCode error, expected_code is SUCCESS, statusCode is WF_ENGINE_RWYCL 
[ERROR 2019-09-23 16:38:39]statusCode error, expected_code is SUCCESS, statusCode is WF_ENGINE_RWYCL 
[ERROR 2019-09-23 16:40:35]statusCode error, expected_code is SUCCESS, statusCode is WF_ENGINE_RWYCL 
[ERROR 2019-09-25 15:48:49]statusCode error, expected_code is SUCCESS, statusCode is INTERNAL_SERVER_ERROR 
[ERROR 2019-09-26 10:26:37]statusCode error, expected_code is SUCCESS, statusCode is INTERNAL_SERVER_ERROR 
[ERROR 2019-09-26 10:27:25]statusCode error, expected_code is SUCCESS, statusCode is INTERNAL_SERVER_ERROR 
[ERROR 2019-09-26 10:27:45]statusCode error, expected_code is SUCCESS, statusCode is INTERNAL_SERVER_ERROR 
[ERROR 2019-09-26 10:29:15]statusCode error, expected_code is SUCCESS, statusCode is INTERNAL_SERVER_ERROR 
[ERROR 2019-09-26 10:30:20]statusCode error, expected_code is SUCCESS, statusCode is INTERNAL_SERVER_ERROR 
[ERROR 2019-09-26 10:30:46]statusCode error, expected_code is SUCCESS, statusCode is INTERNAL_SERVER_ERROR 
[ERROR 2019-09-26 10:33:11]statusCode error, expected_code is SUCCESS, statusCode is INTERNAL_SERVER_ERROR 
[ERROR 2019-09-26 10:34:07]statusCode error, expected_code is SUCCESS, statusCode is INTERNAL_SERVER_ERROR 
[ERROR 2019-09-26 10:36:18]statusCode error, expected_code is SUCCESS, statusCode is INTERNAL_SERVER_ERROR 
[ERROR 2019-09-26 10:37:35]statusCode error, expected_code is SUCCESS, statusCode is INTERNAL_SERVER_ERROR 
[ERROR 2019-09-26 13:14:03]statusCode error, expected_code is SUCCESS, statusCode is INTERNAL_SERVER_ERROR 
[ERROR 2019-09-26 13:22:04]statusCode error, expected_code is SUCCESS, statusCode is WF_ENGINE_RWYCL 
[ERROR 2019-09-26 13:27:30]statusCode error, expected_code is SUCCESS, statusCode is WF_ENGINE_RWYCL 
[ERROR 2019-09-26 13:33:08]statusCode error, expected_code is SUCCESS, statusCode is WF_ENGINE_RWYCL 
[ERROR 2019-09-27 14:16:44]statusCode error, expected_code is 200, statusCode is 502 
[ERROR 2019-09-27 14:16:47]statusCode error, expected_code is 200, statusCode is 502 
[ERROR 2019-09-27 14:16:51]statusCode error, expected_code is 200, statusCode is 502 
[ERROR 2019-09-27 14:16:53]statusCode error, expected_code is 200, statusCode is 502 
[ERROR 2019-09-27 14:21:30]statusCode error, expected_code is 200, statusCode is 502 
[ERROR 2019-09-27 14:21:32]statusCode error, expected_code is 200, statusCode is 502 
[ERROR 2019-09-27 14:21:34]statusCode error, expected_code is 200, statusCode is 502 
[ERROR 2019-09-27 14:21:36]statusCode error, expected_code is 200, statusCode is 502 
[ERROR 2019-09-27 14:21:37]statusCode error, expected_code is 200, statusCode is 502 
[ERROR 2019-09-27 14:21:39]statusCode error, expected_code is 200, statusCode is 502 
[ERROR 2019-09-27 14:21:42]statusCode error, expected_code is 200, statusCode is 502 
[ERROR 2019-09-27 14:21:43]statusCode error, expected_code is 200, statusCode is 502 
[ERROR 2019-09-27 14:21:45]statusCode error, expected_code is 200, statusCode is 502 
[ERROR 2019-09-27 14:21:47]statusCode error, expected_code is 200, statusCode is 502 
[ERROR 2019-09-27 14:21:49]statusCode error, expected_code is 200, statusCode is 502 
[ERROR 2019-09-27 14:21:51]statusCode error, expected_code is 200, statusCode is 502 
[ERROR 2019-09-27 14:21:53]statusCode error, expected_code is 200, statusCode is 502 
[ERROR 2019-09-27 14:21:55]statusCode error, expected_code is 200, statusCode is 502 
[ERROR 2019-09-27 14:21:57]statusCode error, expected_code is 200, statusCode is 502 
[ERROR 2019-09-27 14:21:58]statusCode error, expected_code is 200, statusCode is 502 
[ERROR 2019-09-27 14:22:01]statusCode error, expected_code is 200, statusCode is 502 
[ERROR 2019-09-27 14:22:03]statusCode error, expected_code is 200, statusCode is 502 
[ERROR 2019-09-27 14:22:20]statusCode error, expected_code is SUCCESS, statusCode is INTERNAL_SERVER_ERROR 
[ERROR 2019-09-27 14:22:43]statusCode error, expected_code is SUCCESS, statusCode is INTERNAL_SERVER_ERROR 
[ERROR 2019-09-27 14:23:02]statusCode error, expected_code is SUCCESS, statusCode is INTERNAL_SERVER_ERROR 
[ERROR 2019-09-27 14:23:20]statusCode error, expected_code is SUCCESS, statusCode is INTERNAL_SERVER_ERROR 
[ERROR 2019-09-27 14:23:36]statusCode error, expected_code is SUCCESS, statusCode is INTERNAL_SERVER_ERROR 
[ERROR 2019-09-27 14:23:53]statusCode error, expected_code is SUCCESS, statusCode is INTERNAL_SERVER_ERROR 
[ERROR 2019-09-27 14:24:12]statusCode error, expected_code is SUCCESS, statusCode is INTERNAL_SERVER_ERROR 
